public/build/en-US/buildhub.json: s3://net-mozaws-prod-delivery-archive/pub/mobile/candidates/66.0b13-candidates/build1/android-x86/en-US/buildhub.json
public/build/en-US/target.common.tests.tar.gz: s3://net-mozaws-prod-delivery-archive/pub/mobile/candidates/66.0b13-candidates/build1/android-x86/en-US/fennec-66.0b13.en-US.android-i386.common.tests.tar.gz
public/build/en-US/target.cppunittest.tests.tar.gz: s3://net-mozaws-prod-delivery-archive/pub/mobile/candidates/66.0b13-candidates/build1/android-x86/en-US/fennec-66.0b13.en-US.android-i386.cppunittest.tests.tar.gz
public/build/en-US/target.crashreporter-symbols.zip: s3://net-mozaws-prod-delivery-archive/pub/mobile/candidates/66.0b13-candidates/build1/android-x86/en-US/fennec-66.0b13.en-US.android-i386.crashreporter-symbols.zip
public/build/en-US/target.json: s3://net-mozaws-prod-delivery-archive/pub/mobile/candidates/66.0b13-candidates/build1/android-x86/en-US/fennec-66.0b13.en-US.android-i386.json
public/build/en-US/target.mochitest.tests.tar.gz: s3://net-mozaws-prod-delivery-archive/pub/mobile/candidates/66.0b13-candidates/build1/android-x86/en-US/fennec-66.0b13.en-US.android-i386.mochitest.tests.tar.gz
public/build/en-US/target.mozinfo.json: s3://net-mozaws-prod-delivery-archive/pub/mobile/candidates/66.0b13-candidates/build1/android-x86/en-US/fennec-66.0b13.en-US.android-i386.mozinfo.json
public/build/en-US/target.reftest.tests.tar.gz: s3://net-mozaws-prod-delivery-archive/pub/mobile/candidates/66.0b13-candidates/build1/android-x86/en-US/fennec-66.0b13.en-US.android-i386.reftest.tests.tar.gz
public/build/en-US/target.talos.tests.tar.gz: s3://net-mozaws-prod-delivery-archive/pub/mobile/candidates/66.0b13-candidates/build1/android-x86/en-US/fennec-66.0b13.en-US.android-i386.talos.tests.tar.gz
public/build/en-US/target.awsy.tests.tar.gz: s3://net-mozaws-prod-delivery-archive/pub/mobile/candidates/66.0b13-candidates/build1/android-x86/en-US/fennec-66.0b13.en-US.android-i386.awsy.tests.tar.gz
public/build/en-US/target.test_packages.json: s3://net-mozaws-prod-delivery-archive/pub/mobile/candidates/66.0b13-candidates/build1/android-x86/en-US/fennec-66.0b13.en-US.android-i386.test_packages.json
public/build/en-US/target.txt: s3://net-mozaws-prod-delivery-archive/pub/mobile/candidates/66.0b13-candidates/build1/android-x86/en-US/fennec-66.0b13.en-US.android-i386.txt
public/build/en-US/target.web-platform.tests.tar.gz: s3://net-mozaws-prod-delivery-archive/pub/mobile/candidates/66.0b13-candidates/build1/android-x86/en-US/fennec-66.0b13.en-US.android-i386.web-platform.tests.tar.gz
public/build/en-US/target.xpcshell.tests.tar.gz: s3://net-mozaws-prod-delivery-archive/pub/mobile/candidates/66.0b13-candidates/build1/android-x86/en-US/fennec-66.0b13.en-US.android-i386.xpcshell.tests.tar.gz
public/build/en-US/target_info.txt: s3://net-mozaws-prod-delivery-archive/pub/mobile/candidates/66.0b13-candidates/build1/android-x86/en-US/fennec-66.0b13.en-US.android-i386_info.txt
public/build/en-US/target_info.txt: s3://net-mozaws-prod-delivery-archive/pub/mobile/candidates/66.0b13-candidates/build1/android-x86/en-US/android-x86_info.txt
public/build/en-US/target_info.txt: s3://net-mozaws-prod-delivery-archive/pub/mobile/candidates/66.0b13-candidates/build1/android-x86_info.txt
public/build/en-US/mozharness.zip: s3://net-mozaws-prod-delivery-archive/pub/mobile/candidates/66.0b13-candidates/build1/android-x86/en-US/mozharness.zip
public/build/en-US/robocop.apk: s3://net-mozaws-prod-delivery-archive/pub/mobile/candidates/66.0b13-candidates/build1/android-x86/en-US/robocop.apk
public/build/en-US/target.jsshell.zip: s3://net-mozaws-prod-delivery-archive/pub/mobile/candidates/66.0b13-candidates/build1/android-x86/en-US/jsshell-android-i386.zip
public/build/en-US/target.apk: s3://net-mozaws-prod-delivery-archive/pub/mobile/candidates/66.0b13-candidates/build1/android-x86/en-US/fennec-66.0b13.en-US.android-i386.apk
public/build/buildhub.json: s3://net-mozaws-prod-delivery-archive/pub/mobile/candidates/66.0b13-candidates/build1/android-x86/multi/buildhub.json
public/build/target.json: s3://net-mozaws-prod-delivery-archive/pub/mobile/candidates/66.0b13-candidates/build1/android-x86/multi/fennec-66.0b13.multi.android-i386.json
public/build/target.mozinfo.json: s3://net-mozaws-prod-delivery-archive/pub/mobile/candidates/66.0b13-candidates/build1/android-x86/multi/fennec-66.0b13.multi.android-i386.mozinfo.json
public/build/target.test_packages.json: s3://net-mozaws-prod-delivery-archive/pub/mobile/candidates/66.0b13-candidates/build1/android-x86/multi/fennec-66.0b13.multi.android-i386.test_packages.json
public/build/target.txt: s3://net-mozaws-prod-delivery-archive/pub/mobile/candidates/66.0b13-candidates/build1/android-x86/multi/fennec-66.0b13.multi.android-i386.txt
public/build/target_info.txt: s3://net-mozaws-prod-delivery-archive/pub/mobile/candidates/66.0b13-candidates/build1/android-x86/multi/fennec-66.0b13.multi.android-i386_info.txt
public/build/target_info.txt: s3://net-mozaws-prod-delivery-archive/pub/mobile/candidates/66.0b13-candidates/build1/android-x86/multi/android-x86_info.txt
public/build/target_info.txt: s3://net-mozaws-prod-delivery-archive/pub/mobile/candidates/66.0b13-candidates/build1/android-x86_info.txt
public/build/robocop.apk: s3://net-mozaws-prod-delivery-archive/pub/mobile/candidates/66.0b13-candidates/build1/android-x86/multi/robocop.apk
public/build/target.apk: s3://net-mozaws-prod-delivery-archive/pub/mobile/candidates/66.0b13-candidates/build1/android-x86/multi/fennec-66.0b13.multi.android-i386.apk
