public/build/en-US/buildhub.json: s3://net-mozaws-prod-delivery-archive/pub/mobile/candidates/66.0-candidates/build2/android-api-16/en-US/buildhub.json
public/build/en-US/target.common.tests.tar.gz: s3://net-mozaws-prod-delivery-archive/pub/mobile/candidates/66.0-candidates/build2/android-api-16/en-US/fennec-66.0.en-US.android-arm.common.tests.tar.gz
public/build/en-US/target.cppunittest.tests.tar.gz: s3://net-mozaws-prod-delivery-archive/pub/mobile/candidates/66.0-candidates/build2/android-api-16/en-US/fennec-66.0.en-US.android-arm.cppunittest.tests.tar.gz
public/build/en-US/target.crashreporter-symbols.zip: s3://net-mozaws-prod-delivery-archive/pub/mobile/candidates/66.0-candidates/build2/android-api-16/en-US/fennec-66.0.en-US.android-arm.crashreporter-symbols.zip
public/build/en-US/target.json: s3://net-mozaws-prod-delivery-archive/pub/mobile/candidates/66.0-candidates/build2/android-api-16/en-US/fennec-66.0.en-US.android-arm.json
public/build/en-US/target.mochitest.tests.tar.gz: s3://net-mozaws-prod-delivery-archive/pub/mobile/candidates/66.0-candidates/build2/android-api-16/en-US/fennec-66.0.en-US.android-arm.mochitest.tests.tar.gz
public/build/en-US/target.mozinfo.json: s3://net-mozaws-prod-delivery-archive/pub/mobile/candidates/66.0-candidates/build2/android-api-16/en-US/fennec-66.0.en-US.android-arm.mozinfo.json
public/build/en-US/target.reftest.tests.tar.gz: s3://net-mozaws-prod-delivery-archive/pub/mobile/candidates/66.0-candidates/build2/android-api-16/en-US/fennec-66.0.en-US.android-arm.reftest.tests.tar.gz
public/build/en-US/target.talos.tests.tar.gz: s3://net-mozaws-prod-delivery-archive/pub/mobile/candidates/66.0-candidates/build2/android-api-16/en-US/fennec-66.0.en-US.android-arm.talos.tests.tar.gz
public/build/en-US/target.awsy.tests.tar.gz: s3://net-mozaws-prod-delivery-archive/pub/mobile/candidates/66.0-candidates/build2/android-api-16/en-US/fennec-66.0.en-US.android-arm.awsy.tests.tar.gz
public/build/en-US/target.test_packages.json: s3://net-mozaws-prod-delivery-archive/pub/mobile/candidates/66.0-candidates/build2/android-api-16/en-US/fennec-66.0.en-US.android-arm.test_packages.json
public/build/en-US/target.txt: s3://net-mozaws-prod-delivery-archive/pub/mobile/candidates/66.0-candidates/build2/android-api-16/en-US/fennec-66.0.en-US.android-arm.txt
public/build/en-US/target.web-platform.tests.tar.gz: s3://net-mozaws-prod-delivery-archive/pub/mobile/candidates/66.0-candidates/build2/android-api-16/en-US/fennec-66.0.en-US.android-arm.web-platform.tests.tar.gz
public/build/en-US/target.xpcshell.tests.tar.gz: s3://net-mozaws-prod-delivery-archive/pub/mobile/candidates/66.0-candidates/build2/android-api-16/en-US/fennec-66.0.en-US.android-arm.xpcshell.tests.tar.gz
public/build/en-US/target_info.txt: s3://net-mozaws-prod-delivery-archive/pub/mobile/candidates/66.0-candidates/build2/android-api-16/en-US/fennec-66.0.en-US.android-arm_info.txt
public/build/en-US/target_info.txt: s3://net-mozaws-prod-delivery-archive/pub/mobile/candidates/66.0-candidates/build2/android-api-16/en-US/android-api-16_info.txt
public/build/en-US/target_info.txt: s3://net-mozaws-prod-delivery-archive/pub/mobile/candidates/66.0-candidates/build2/android-api-16_info.txt
public/build/en-US/mozharness.zip: s3://net-mozaws-prod-delivery-archive/pub/mobile/candidates/66.0-candidates/build2/android-api-16/en-US/mozharness.zip
public/build/en-US/robocop.apk: s3://net-mozaws-prod-delivery-archive/pub/mobile/candidates/66.0-candidates/build2/android-api-16/en-US/robocop.apk
public/build/en-US/target.jsshell.zip: s3://net-mozaws-prod-delivery-archive/pub/mobile/candidates/66.0-candidates/build2/android-api-16/en-US/jsshell-android-arm.zip
public/build/en-US/target.apk: s3://net-mozaws-prod-delivery-archive/pub/mobile/candidates/66.0-candidates/build2/android-api-16/en-US/fennec-66.0.en-US.android-arm.apk
public/build/buildhub.json: s3://net-mozaws-prod-delivery-archive/pub/mobile/candidates/66.0-candidates/build2/android-api-16/multi/buildhub.json
public/build/target.json: s3://net-mozaws-prod-delivery-archive/pub/mobile/candidates/66.0-candidates/build2/android-api-16/multi/fennec-66.0.multi.android-arm.json
public/build/target.mozinfo.json: s3://net-mozaws-prod-delivery-archive/pub/mobile/candidates/66.0-candidates/build2/android-api-16/multi/fennec-66.0.multi.android-arm.mozinfo.json
public/build/target.test_packages.json: s3://net-mozaws-prod-delivery-archive/pub/mobile/candidates/66.0-candidates/build2/android-api-16/multi/fennec-66.0.multi.android-arm.test_packages.json
public/build/target.txt: s3://net-mozaws-prod-delivery-archive/pub/mobile/candidates/66.0-candidates/build2/android-api-16/multi/fennec-66.0.multi.android-arm.txt
public/build/target_info.txt: s3://net-mozaws-prod-delivery-archive/pub/mobile/candidates/66.0-candidates/build2/android-api-16/multi/fennec-66.0.multi.android-arm_info.txt
public/build/target_info.txt: s3://net-mozaws-prod-delivery-archive/pub/mobile/candidates/66.0-candidates/build2/android-api-16/multi/android-api-16_info.txt
public/build/target_info.txt: s3://net-mozaws-prod-delivery-archive/pub/mobile/candidates/66.0-candidates/build2/android-api-16_info.txt
public/build/robocop.apk: s3://net-mozaws-prod-delivery-archive/pub/mobile/candidates/66.0-candidates/build2/android-api-16/multi/robocop.apk
public/build/target.apk: s3://net-mozaws-prod-delivery-archive/pub/mobile/candidates/66.0-candidates/build2/android-api-16/multi/fennec-66.0.multi.android-arm.apk
