public/build/en-US/buildhub.json: s3://net-mozaws-prod-delivery-archive/pub/mobile/candidates/66.0-candidates/build2/android-x86_64/en-US/buildhub.json
public/build/en-US/target.common.tests.tar.gz: s3://net-mozaws-prod-delivery-archive/pub/mobile/candidates/66.0-candidates/build2/android-x86_64/en-US/fennec-66.0.en-US.android-x86_64.common.tests.tar.gz
public/build/en-US/target.cppunittest.tests.tar.gz: s3://net-mozaws-prod-delivery-archive/pub/mobile/candidates/66.0-candidates/build2/android-x86_64/en-US/fennec-66.0.en-US.android-x86_64.cppunittest.tests.tar.gz
public/build/en-US/target.crashreporter-symbols.zip: s3://net-mozaws-prod-delivery-archive/pub/mobile/candidates/66.0-candidates/build2/android-x86_64/en-US/fennec-66.0.en-US.android-x86_64.crashreporter-symbols.zip
public/build/en-US/target.json: s3://net-mozaws-prod-delivery-archive/pub/mobile/candidates/66.0-candidates/build2/android-x86_64/en-US/fennec-66.0.en-US.android-x86_64.json
public/build/en-US/target.mochitest.tests.tar.gz: s3://net-mozaws-prod-delivery-archive/pub/mobile/candidates/66.0-candidates/build2/android-x86_64/en-US/fennec-66.0.en-US.android-x86_64.mochitest.tests.tar.gz
public/build/en-US/target.mozinfo.json: s3://net-mozaws-prod-delivery-archive/pub/mobile/candidates/66.0-candidates/build2/android-x86_64/en-US/fennec-66.0.en-US.android-x86_64.mozinfo.json
public/build/en-US/target.reftest.tests.tar.gz: s3://net-mozaws-prod-delivery-archive/pub/mobile/candidates/66.0-candidates/build2/android-x86_64/en-US/fennec-66.0.en-US.android-x86_64.reftest.tests.tar.gz
public/build/en-US/target.talos.tests.tar.gz: s3://net-mozaws-prod-delivery-archive/pub/mobile/candidates/66.0-candidates/build2/android-x86_64/en-US/fennec-66.0.en-US.android-x86_64.talos.tests.tar.gz
public/build/en-US/target.awsy.tests.tar.gz: s3://net-mozaws-prod-delivery-archive/pub/mobile/candidates/66.0-candidates/build2/android-x86_64/en-US/fennec-66.0.en-US.android-x86_64.awsy.tests.tar.gz
public/build/en-US/target.test_packages.json: s3://net-mozaws-prod-delivery-archive/pub/mobile/candidates/66.0-candidates/build2/android-x86_64/en-US/fennec-66.0.en-US.android-x86_64.test_packages.json
public/build/en-US/target.txt: s3://net-mozaws-prod-delivery-archive/pub/mobile/candidates/66.0-candidates/build2/android-x86_64/en-US/fennec-66.0.en-US.android-x86_64.txt
public/build/en-US/target.web-platform.tests.tar.gz: s3://net-mozaws-prod-delivery-archive/pub/mobile/candidates/66.0-candidates/build2/android-x86_64/en-US/fennec-66.0.en-US.android-x86_64.web-platform.tests.tar.gz
public/build/en-US/target.xpcshell.tests.tar.gz: s3://net-mozaws-prod-delivery-archive/pub/mobile/candidates/66.0-candidates/build2/android-x86_64/en-US/fennec-66.0.en-US.android-x86_64.xpcshell.tests.tar.gz
public/build/en-US/target_info.txt: s3://net-mozaws-prod-delivery-archive/pub/mobile/candidates/66.0-candidates/build2/android-x86_64/en-US/fennec-66.0.en-US.android-x86_64_info.txt
public/build/en-US/target_info.txt: s3://net-mozaws-prod-delivery-archive/pub/mobile/candidates/66.0-candidates/build2/android-x86_64/en-US/android-x86_64_info.txt
public/build/en-US/target_info.txt: s3://net-mozaws-prod-delivery-archive/pub/mobile/candidates/66.0-candidates/build2/android-x86_64_info.txt
public/build/en-US/mozharness.zip: s3://net-mozaws-prod-delivery-archive/pub/mobile/candidates/66.0-candidates/build2/android-x86_64/en-US/mozharness.zip
public/build/en-US/robocop.apk: s3://net-mozaws-prod-delivery-archive/pub/mobile/candidates/66.0-candidates/build2/android-x86_64/en-US/robocop.apk
public/build/en-US/target.jsshell.zip: s3://net-mozaws-prod-delivery-archive/pub/mobile/candidates/66.0-candidates/build2/android-x86_64/en-US/jsshell-android-x86_64.zip
public/build/en-US/target.apk: s3://net-mozaws-prod-delivery-archive/pub/mobile/candidates/66.0-candidates/build2/android-x86_64/en-US/fennec-66.0.en-US.android-x86_64.apk
public/build/buildhub.json: s3://net-mozaws-prod-delivery-archive/pub/mobile/candidates/66.0-candidates/build2/android-x86_64/multi/buildhub.json
public/build/target.json: s3://net-mozaws-prod-delivery-archive/pub/mobile/candidates/66.0-candidates/build2/android-x86_64/multi/fennec-66.0.multi.android-x86_64.json
public/build/target.mozinfo.json: s3://net-mozaws-prod-delivery-archive/pub/mobile/candidates/66.0-candidates/build2/android-x86_64/multi/fennec-66.0.multi.android-x86_64.mozinfo.json
public/build/target.test_packages.json: s3://net-mozaws-prod-delivery-archive/pub/mobile/candidates/66.0-candidates/build2/android-x86_64/multi/fennec-66.0.multi.android-x86_64.test_packages.json
public/build/target.txt: s3://net-mozaws-prod-delivery-archive/pub/mobile/candidates/66.0-candidates/build2/android-x86_64/multi/fennec-66.0.multi.android-x86_64.txt
public/build/target_info.txt: s3://net-mozaws-prod-delivery-archive/pub/mobile/candidates/66.0-candidates/build2/android-x86_64/multi/fennec-66.0.multi.android-x86_64_info.txt
public/build/target_info.txt: s3://net-mozaws-prod-delivery-archive/pub/mobile/candidates/66.0-candidates/build2/android-x86_64/multi/android-x86_64_info.txt
public/build/target_info.txt: s3://net-mozaws-prod-delivery-archive/pub/mobile/candidates/66.0-candidates/build2/android-x86_64_info.txt
public/build/robocop.apk: s3://net-mozaws-prod-delivery-archive/pub/mobile/candidates/66.0-candidates/build2/android-x86_64/multi/robocop.apk
public/build/target.apk: s3://net-mozaws-prod-delivery-archive/pub/mobile/candidates/66.0-candidates/build2/android-x86_64/multi/fennec-66.0.multi.android-x86_64.apk
