public/build/buildhub.json: s3://net-mozaws-prod-delivery-firefox/pub/firefox/nightly/2019/03/2019-03-18-13-39-54-mozilla-central/firefox-68.0a1.en-US.mac.buildhub.json
public/build/buildhub.json: s3://net-mozaws-prod-delivery-firefox/pub/firefox/nightly/latest-mozilla-central/firefox-68.0a1.en-US.mac.buildhub.json
public/build/buildhub.json: s3://net-mozaws-prod-delivery-firefox/pub/firefox/nightly/latest-mozilla-central-l10n/firefox-68.0a1.en-US.mac.buildhub.json
public/build/target.common.tests.tar.gz: s3://net-mozaws-prod-delivery-firefox/pub/firefox/nightly/2019/03/2019-03-18-13-39-54-mozilla-central/firefox-68.0a1.en-US.mac.common.tests.tar.gz
public/build/target.common.tests.tar.gz: s3://net-mozaws-prod-delivery-firefox/pub/firefox/nightly/latest-mozilla-central/firefox-68.0a1.en-US.mac.common.tests.tar.gz
public/build/target.cppunittest.tests.tar.gz: s3://net-mozaws-prod-delivery-firefox/pub/firefox/nightly/2019/03/2019-03-18-13-39-54-mozilla-central/firefox-68.0a1.en-US.mac.cppunittest.tests.tar.gz
public/build/target.cppunittest.tests.tar.gz: s3://net-mozaws-prod-delivery-firefox/pub/firefox/nightly/latest-mozilla-central/firefox-68.0a1.en-US.mac.cppunittest.tests.tar.gz
public/build/target.crashreporter-symbols.zip: s3://net-mozaws-prod-delivery-firefox/pub/firefox/nightly/2019/03/2019-03-18-13-39-54-mozilla-central/firefox-68.0a1.en-US.mac.crashreporter-symbols.zip
public/build/target.crashreporter-symbols.zip: s3://net-mozaws-prod-delivery-firefox/pub/firefox/nightly/latest-mozilla-central/firefox-68.0a1.en-US.mac.crashreporter-symbols.zip
public/build/target.json: s3://net-mozaws-prod-delivery-firefox/pub/firefox/nightly/2019/03/2019-03-18-13-39-54-mozilla-central/firefox-68.0a1.en-US.mac.json
public/build/target.json: s3://net-mozaws-prod-delivery-firefox/pub/firefox/nightly/latest-mozilla-central/firefox-68.0a1.en-US.mac.json
public/build/target.mochitest.tests.tar.gz: s3://net-mozaws-prod-delivery-firefox/pub/firefox/nightly/2019/03/2019-03-18-13-39-54-mozilla-central/firefox-68.0a1.en-US.mac.mochitest.tests.tar.gz
public/build/target.mochitest.tests.tar.gz: s3://net-mozaws-prod-delivery-firefox/pub/firefox/nightly/latest-mozilla-central/firefox-68.0a1.en-US.mac.mochitest.tests.tar.gz
public/build/target.mozinfo.json: s3://net-mozaws-prod-delivery-firefox/pub/firefox/nightly/2019/03/2019-03-18-13-39-54-mozilla-central/firefox-68.0a1.en-US.mac.mozinfo.json
public/build/target.mozinfo.json: s3://net-mozaws-prod-delivery-firefox/pub/firefox/nightly/latest-mozilla-central/firefox-68.0a1.en-US.mac.mozinfo.json
public/build/target.reftest.tests.tar.gz: s3://net-mozaws-prod-delivery-firefox/pub/firefox/nightly/2019/03/2019-03-18-13-39-54-mozilla-central/firefox-68.0a1.en-US.mac.reftest.tests.tar.gz
public/build/target.reftest.tests.tar.gz: s3://net-mozaws-prod-delivery-firefox/pub/firefox/nightly/latest-mozilla-central/firefox-68.0a1.en-US.mac.reftest.tests.tar.gz
public/build/target.talos.tests.tar.gz: s3://net-mozaws-prod-delivery-firefox/pub/firefox/nightly/2019/03/2019-03-18-13-39-54-mozilla-central/firefox-68.0a1.en-US.mac.talos.tests.tar.gz
public/build/target.talos.tests.tar.gz: s3://net-mozaws-prod-delivery-firefox/pub/firefox/nightly/latest-mozilla-central/firefox-68.0a1.en-US.mac.talos.tests.tar.gz
public/build/target.awsy.tests.tar.gz: s3://net-mozaws-prod-delivery-firefox/pub/firefox/nightly/2019/03/2019-03-18-13-39-54-mozilla-central/firefox-68.0a1.en-US.mac.awsy.tests.tar.gz
public/build/target.awsy.tests.tar.gz: s3://net-mozaws-prod-delivery-firefox/pub/firefox/nightly/latest-mozilla-central/firefox-68.0a1.en-US.mac.awsy.tests.tar.gz
public/build/target.test_packages.json: s3://net-mozaws-prod-delivery-firefox/pub/firefox/nightly/2019/03/2019-03-18-13-39-54-mozilla-central/firefox-68.0a1.en-US.mac.test_packages.json
public/build/target.test_packages.json: s3://net-mozaws-prod-delivery-firefox/pub/firefox/nightly/latest-mozilla-central/firefox-68.0a1.en-US.mac.test_packages.json
public/build/target.txt: s3://net-mozaws-prod-delivery-firefox/pub/firefox/nightly/2019/03/2019-03-18-13-39-54-mozilla-central/firefox-68.0a1.en-US.mac.txt
public/build/target.txt: s3://net-mozaws-prod-delivery-firefox/pub/firefox/nightly/latest-mozilla-central/firefox-68.0a1.en-US.mac.txt
public/build/target.web-platform.tests.tar.gz: s3://net-mozaws-prod-delivery-firefox/pub/firefox/nightly/2019/03/2019-03-18-13-39-54-mozilla-central/firefox-68.0a1.en-US.mac.web-platform.tests.tar.gz
public/build/target.web-platform.tests.tar.gz: s3://net-mozaws-prod-delivery-firefox/pub/firefox/nightly/latest-mozilla-central/firefox-68.0a1.en-US.mac.web-platform.tests.tar.gz
public/build/target.xpcshell.tests.tar.gz: s3://net-mozaws-prod-delivery-firefox/pub/firefox/nightly/2019/03/2019-03-18-13-39-54-mozilla-central/firefox-68.0a1.en-US.mac.xpcshell.tests.tar.gz
public/build/target.xpcshell.tests.tar.gz: s3://net-mozaws-prod-delivery-firefox/pub/firefox/nightly/latest-mozilla-central/firefox-68.0a1.en-US.mac.xpcshell.tests.tar.gz
public/build/target_info.txt: s3://net-mozaws-prod-delivery-firefox/pub/firefox/nightly/2019/03/2019-03-18-13-39-54-mozilla-central/firefox-68.0a1.en-US.mac_info.txt
public/build/target_info.txt: s3://net-mozaws-prod-delivery-firefox/pub/firefox/nightly/latest-mozilla-central/firefox-68.0a1.en-US.mac_info.txt
public/build/target.jsshell.zip: s3://net-mozaws-prod-delivery-firefox/pub/firefox/nightly/2019/03/2019-03-18-13-39-54-mozilla-central/jsshell-mac.zip
public/build/target.jsshell.zip: s3://net-mozaws-prod-delivery-firefox/pub/firefox/nightly/latest-mozilla-central/jsshell-mac.zip
public/build/mozharness.zip: s3://net-mozaws-prod-delivery-firefox/pub/firefox/nightly/2019/03/2019-03-18-13-39-54-mozilla-central/mozharness.zip
public/build/mozharness.zip: s3://net-mozaws-prod-delivery-firefox/pub/firefox/nightly/latest-mozilla-central/mozharness.zip
public/build/target.langpack.xpi: s3://net-mozaws-prod-delivery-firefox/pub/firefox/nightly/2019/03/2019-03-18-13-39-54-mozilla-central/firefox-68.0a1.en-US.langpack.xpi
public/build/target.langpack.xpi: s3://net-mozaws-prod-delivery-firefox/pub/firefox/nightly/latest-mozilla-central/firefox-68.0a1.en-US.langpack.xpi
public/build/host/bin/mar: s3://net-mozaws-prod-delivery-firefox/pub/firefox/nightly/2019/03/2019-03-18-13-39-54-mozilla-central/mar-tools/macosx64/mar
public/build/host/bin/mar: s3://net-mozaws-prod-delivery-firefox/pub/firefox/nightly/latest-mozilla-central/mar-tools/macosx64/mar
public/build/host/bin/mbsdiff: s3://net-mozaws-prod-delivery-firefox/pub/firefox/nightly/2019/03/2019-03-18-13-39-54-mozilla-central/mar-tools/macosx64/mbsdiff
public/build/host/bin/mbsdiff: s3://net-mozaws-prod-delivery-firefox/pub/firefox/nightly/latest-mozilla-central/mar-tools/macosx64/mbsdiff
public/build/target.dmg: s3://net-mozaws-prod-delivery-firefox/pub/firefox/nightly/2019/03/2019-03-18-13-39-54-mozilla-central/firefox-68.0a1.en-US.mac.dmg
public/build/target.dmg: s3://net-mozaws-prod-delivery-firefox/pub/firefox/nightly/latest-mozilla-central/firefox-68.0a1.en-US.mac.dmg
public/build/target.dmg: s3://net-mozaws-prod-delivery-firefox/pub/firefox/nightly/latest-mozilla-central-l10n/firefox-68.0a1.en-US.mac.dmg
public/build/target.complete.mar: s3://net-mozaws-prod-delivery-firefox/pub/firefox/nightly/2019/03/2019-03-18-13-39-54-mozilla-central/firefox-68.0a1.en-US.mac.complete.mar
public/build/target.complete.mar: s3://net-mozaws-prod-delivery-firefox/pub/firefox/nightly/latest-mozilla-central/firefox-68.0a1.en-US.mac.complete.mar
public/build/target.complete.mar: s3://net-mozaws-prod-delivery-firefox/pub/firefox/nightly/latest-mozilla-central-l10n/firefox-68.0a1.en-US.mac.complete.mar
