public/build/buildhub.json: s3://net-mozaws-prod-delivery-firefox/pub/firefox/nightly/2019/03/2019-03-18-13-39-54-mozilla-central/firefox-68.0a1.en-US.linux-i686.buildhub.json
public/build/buildhub.json: s3://net-mozaws-prod-delivery-firefox/pub/firefox/nightly/latest-mozilla-central/firefox-68.0a1.en-US.linux-i686.buildhub.json
public/build/buildhub.json: s3://net-mozaws-prod-delivery-firefox/pub/firefox/nightly/latest-mozilla-central-l10n/firefox-68.0a1.en-US.linux-i686.buildhub.json
public/build/target.common.tests.tar.gz: s3://net-mozaws-prod-delivery-firefox/pub/firefox/nightly/2019/03/2019-03-18-13-39-54-mozilla-central/firefox-68.0a1.en-US.linux-i686.common.tests.tar.gz
public/build/target.common.tests.tar.gz: s3://net-mozaws-prod-delivery-firefox/pub/firefox/nightly/latest-mozilla-central/firefox-68.0a1.en-US.linux-i686.common.tests.tar.gz
public/build/target.cppunittest.tests.tar.gz: s3://net-mozaws-prod-delivery-firefox/pub/firefox/nightly/2019/03/2019-03-18-13-39-54-mozilla-central/firefox-68.0a1.en-US.linux-i686.cppunittest.tests.tar.gz
public/build/target.cppunittest.tests.tar.gz: s3://net-mozaws-prod-delivery-firefox/pub/firefox/nightly/latest-mozilla-central/firefox-68.0a1.en-US.linux-i686.cppunittest.tests.tar.gz
public/build/target.crashreporter-symbols.zip: s3://net-mozaws-prod-delivery-firefox/pub/firefox/nightly/2019/03/2019-03-18-13-39-54-mozilla-central/firefox-68.0a1.en-US.linux-i686.crashreporter-symbols.zip
public/build/target.crashreporter-symbols.zip: s3://net-mozaws-prod-delivery-firefox/pub/firefox/nightly/latest-mozilla-central/firefox-68.0a1.en-US.linux-i686.crashreporter-symbols.zip
public/build/target.json: s3://net-mozaws-prod-delivery-firefox/pub/firefox/nightly/2019/03/2019-03-18-13-39-54-mozilla-central/firefox-68.0a1.en-US.linux-i686.json
public/build/target.json: s3://net-mozaws-prod-delivery-firefox/pub/firefox/nightly/latest-mozilla-central/firefox-68.0a1.en-US.linux-i686.json
public/build/target.mochitest.tests.tar.gz: s3://net-mozaws-prod-delivery-firefox/pub/firefox/nightly/2019/03/2019-03-18-13-39-54-mozilla-central/firefox-68.0a1.en-US.linux-i686.mochitest.tests.tar.gz
public/build/target.mochitest.tests.tar.gz: s3://net-mozaws-prod-delivery-firefox/pub/firefox/nightly/latest-mozilla-central/firefox-68.0a1.en-US.linux-i686.mochitest.tests.tar.gz
public/build/target.mozinfo.json: s3://net-mozaws-prod-delivery-firefox/pub/firefox/nightly/2019/03/2019-03-18-13-39-54-mozilla-central/firefox-68.0a1.en-US.linux-i686.mozinfo.json
public/build/target.mozinfo.json: s3://net-mozaws-prod-delivery-firefox/pub/firefox/nightly/latest-mozilla-central/firefox-68.0a1.en-US.linux-i686.mozinfo.json
public/build/target.reftest.tests.tar.gz: s3://net-mozaws-prod-delivery-firefox/pub/firefox/nightly/2019/03/2019-03-18-13-39-54-mozilla-central/firefox-68.0a1.en-US.linux-i686.reftest.tests.tar.gz
public/build/target.reftest.tests.tar.gz: s3://net-mozaws-prod-delivery-firefox/pub/firefox/nightly/latest-mozilla-central/firefox-68.0a1.en-US.linux-i686.reftest.tests.tar.gz
public/build/target.talos.tests.tar.gz: s3://net-mozaws-prod-delivery-firefox/pub/firefox/nightly/2019/03/2019-03-18-13-39-54-mozilla-central/firefox-68.0a1.en-US.linux-i686.talos.tests.tar.gz
public/build/target.talos.tests.tar.gz: s3://net-mozaws-prod-delivery-firefox/pub/firefox/nightly/latest-mozilla-central/firefox-68.0a1.en-US.linux-i686.talos.tests.tar.gz
public/build/target.awsy.tests.tar.gz: s3://net-mozaws-prod-delivery-firefox/pub/firefox/nightly/2019/03/2019-03-18-13-39-54-mozilla-central/firefox-68.0a1.en-US.linux-i686.awsy.tests.tar.gz
public/build/target.awsy.tests.tar.gz: s3://net-mozaws-prod-delivery-firefox/pub/firefox/nightly/latest-mozilla-central/firefox-68.0a1.en-US.linux-i686.awsy.tests.tar.gz
public/build/target.test_packages.json: s3://net-mozaws-prod-delivery-firefox/pub/firefox/nightly/2019/03/2019-03-18-13-39-54-mozilla-central/firefox-68.0a1.en-US.linux-i686.test_packages.json
public/build/target.test_packages.json: s3://net-mozaws-prod-delivery-firefox/pub/firefox/nightly/latest-mozilla-central/firefox-68.0a1.en-US.linux-i686.test_packages.json
public/build/target.txt: s3://net-mozaws-prod-delivery-firefox/pub/firefox/nightly/2019/03/2019-03-18-13-39-54-mozilla-central/firefox-68.0a1.en-US.linux-i686.txt
public/build/target.txt: s3://net-mozaws-prod-delivery-firefox/pub/firefox/nightly/latest-mozilla-central/firefox-68.0a1.en-US.linux-i686.txt
public/build/target.web-platform.tests.tar.gz: s3://net-mozaws-prod-delivery-firefox/pub/firefox/nightly/2019/03/2019-03-18-13-39-54-mozilla-central/firefox-68.0a1.en-US.linux-i686.web-platform.tests.tar.gz
public/build/target.web-platform.tests.tar.gz: s3://net-mozaws-prod-delivery-firefox/pub/firefox/nightly/latest-mozilla-central/firefox-68.0a1.en-US.linux-i686.web-platform.tests.tar.gz
public/build/target.xpcshell.tests.tar.gz: s3://net-mozaws-prod-delivery-firefox/pub/firefox/nightly/2019/03/2019-03-18-13-39-54-mozilla-central/firefox-68.0a1.en-US.linux-i686.xpcshell.tests.tar.gz
public/build/target.xpcshell.tests.tar.gz: s3://net-mozaws-prod-delivery-firefox/pub/firefox/nightly/latest-mozilla-central/firefox-68.0a1.en-US.linux-i686.xpcshell.tests.tar.gz
public/build/target_info.txt: s3://net-mozaws-prod-delivery-firefox/pub/firefox/nightly/2019/03/2019-03-18-13-39-54-mozilla-central/firefox-68.0a1.en-US.linux-i686_info.txt
public/build/target_info.txt: s3://net-mozaws-prod-delivery-firefox/pub/firefox/nightly/latest-mozilla-central/firefox-68.0a1.en-US.linux-i686_info.txt
public/build/target.jsshell.zip: s3://net-mozaws-prod-delivery-firefox/pub/firefox/nightly/2019/03/2019-03-18-13-39-54-mozilla-central/jsshell-linux-i686.zip
public/build/target.jsshell.zip: s3://net-mozaws-prod-delivery-firefox/pub/firefox/nightly/latest-mozilla-central/jsshell-linux-i686.zip
public/build/mozharness.zip: s3://net-mozaws-prod-delivery-firefox/pub/firefox/nightly/2019/03/2019-03-18-13-39-54-mozilla-central/mozharness.zip
public/build/mozharness.zip: s3://net-mozaws-prod-delivery-firefox/pub/firefox/nightly/latest-mozilla-central/mozharness.zip
public/build/target.langpack.xpi: s3://net-mozaws-prod-delivery-firefox/pub/firefox/nightly/2019/03/2019-03-18-13-39-54-mozilla-central/firefox-68.0a1.en-US.langpack.xpi
public/build/target.langpack.xpi: s3://net-mozaws-prod-delivery-firefox/pub/firefox/nightly/latest-mozilla-central/firefox-68.0a1.en-US.langpack.xpi
public/build/host/bin/mar: s3://net-mozaws-prod-delivery-firefox/pub/firefox/nightly/2019/03/2019-03-18-13-39-54-mozilla-central/mar-tools/linux/mar
public/build/host/bin/mar: s3://net-mozaws-prod-delivery-firefox/pub/firefox/nightly/latest-mozilla-central/mar-tools/linux/mar
public/build/host/bin/mbsdiff: s3://net-mozaws-prod-delivery-firefox/pub/firefox/nightly/2019/03/2019-03-18-13-39-54-mozilla-central/mar-tools/linux/mbsdiff
public/build/host/bin/mbsdiff: s3://net-mozaws-prod-delivery-firefox/pub/firefox/nightly/latest-mozilla-central/mar-tools/linux/mbsdiff
public/build/target.tar.bz2: s3://net-mozaws-prod-delivery-firefox/pub/firefox/nightly/2019/03/2019-03-18-13-39-54-mozilla-central/firefox-68.0a1.en-US.linux-i686.tar.bz2
public/build/target.tar.bz2: s3://net-mozaws-prod-delivery-firefox/pub/firefox/nightly/latest-mozilla-central/firefox-68.0a1.en-US.linux-i686.tar.bz2
public/build/target.tar.bz2: s3://net-mozaws-prod-delivery-firefox/pub/firefox/nightly/latest-mozilla-central-l10n/firefox-68.0a1.en-US.linux-i686.tar.bz2
public/build/target.tar.bz2.asc: s3://net-mozaws-prod-delivery-firefox/pub/firefox/nightly/2019/03/2019-03-18-13-39-54-mozilla-central/firefox-68.0a1.en-US.linux-i686.tar.bz2.asc
public/build/target.tar.bz2.asc: s3://net-mozaws-prod-delivery-firefox/pub/firefox/nightly/latest-mozilla-central/firefox-68.0a1.en-US.linux-i686.tar.bz2.asc
public/build/target.tar.bz2.asc: s3://net-mozaws-prod-delivery-firefox/pub/firefox/nightly/latest-mozilla-central-l10n/firefox-68.0a1.en-US.linux-i686.tar.bz2.asc
public/build/target.complete.mar: s3://net-mozaws-prod-delivery-firefox/pub/firefox/nightly/2019/03/2019-03-18-13-39-54-mozilla-central/firefox-68.0a1.en-US.linux-i686.complete.mar
public/build/target.complete.mar: s3://net-mozaws-prod-delivery-firefox/pub/firefox/nightly/latest-mozilla-central/firefox-68.0a1.en-US.linux-i686.complete.mar
public/build/target.complete.mar: s3://net-mozaws-prod-delivery-firefox/pub/firefox/nightly/latest-mozilla-central-l10n/firefox-68.0a1.en-US.linux-i686.complete.mar
public/build/target.partial-3.mar: s3://net-mozaws-prod-delivery-firefox/pub/firefox/nightly/partials/2019/03/2019-03-18-13-39-54-mozilla-central/firefox-mozilla-central-68.0a1-linux-i686-en-US-20190314094420-20190315135105.partial.mar
public/build/target.partial-2.mar: s3://net-mozaws-prod-delivery-firefox/pub/firefox/nightly/partials/2019/03/2019-03-18-13-39-54-mozilla-central/firefox-mozilla-central-68.0a1-linux-i686-en-US-20190314214219-20190315135105.partial.mar
public/build/target.partial-4.mar: s3://net-mozaws-prod-delivery-firefox/pub/firefox/nightly/partials/2019/03/2019-03-18-13-39-54-mozilla-central/firefox-mozilla-central-68.0a1-linux-i686-en-US-20190313215409-20190315135105.partial.mar
public/build/target.partial-1.mar: s3://net-mozaws-prod-delivery-firefox/pub/firefox/nightly/partials/2019/03/2019-03-18-13-39-54-mozilla-central/firefox-mozilla-central-68.0a1-linux-i686-en-US-20190315093917-20190315135105.partial.mar
