public/build/buildhub.json: s3://net-mozaws-prod-delivery-firefox/pub/firefox/nightly/2019/03/2019-03-18-13-39-54-mozilla-central/firefox-68.0a1.en-US.linux-x86_64-asan-reporter.buildhub.json
public/build/buildhub.json: s3://net-mozaws-prod-delivery-firefox/pub/firefox/nightly/latest-mozilla-central/firefox-68.0a1.en-US.linux-x86_64-asan-reporter.buildhub.json
public/build/buildhub.json: s3://net-mozaws-prod-delivery-firefox/pub/firefox/nightly/latest-mozilla-central-l10n/firefox-68.0a1.en-US.linux-x86_64-asan-reporter.buildhub.json
public/build/target.common.tests.tar.gz: s3://net-mozaws-prod-delivery-firefox/pub/firefox/nightly/2019/03/2019-03-18-13-39-54-mozilla-central/firefox-68.0a1.en-US.linux-x86_64-asan-reporter.common.tests.tar.gz
public/build/target.common.tests.tar.gz: s3://net-mozaws-prod-delivery-firefox/pub/firefox/nightly/latest-mozilla-central/firefox-68.0a1.en-US.linux-x86_64-asan-reporter.common.tests.tar.gz
public/build/target.cppunittest.tests.tar.gz: s3://net-mozaws-prod-delivery-firefox/pub/firefox/nightly/2019/03/2019-03-18-13-39-54-mozilla-central/firefox-68.0a1.en-US.linux-x86_64-asan-reporter.cppunittest.tests.tar.gz
public/build/target.cppunittest.tests.tar.gz: s3://net-mozaws-prod-delivery-firefox/pub/firefox/nightly/latest-mozilla-central/firefox-68.0a1.en-US.linux-x86_64-asan-reporter.cppunittest.tests.tar.gz
public/build/target.json: s3://net-mozaws-prod-delivery-firefox/pub/firefox/nightly/2019/03/2019-03-18-13-39-54-mozilla-central/firefox-68.0a1.en-US.linux-x86_64-asan-reporter.json
public/build/target.json: s3://net-mozaws-prod-delivery-firefox/pub/firefox/nightly/latest-mozilla-central/firefox-68.0a1.en-US.linux-x86_64-asan-reporter.json
public/build/target.mochitest.tests.tar.gz: s3://net-mozaws-prod-delivery-firefox/pub/firefox/nightly/2019/03/2019-03-18-13-39-54-mozilla-central/firefox-68.0a1.en-US.linux-x86_64-asan-reporter.mochitest.tests.tar.gz
public/build/target.mochitest.tests.tar.gz: s3://net-mozaws-prod-delivery-firefox/pub/firefox/nightly/latest-mozilla-central/firefox-68.0a1.en-US.linux-x86_64-asan-reporter.mochitest.tests.tar.gz
public/build/target.mozinfo.json: s3://net-mozaws-prod-delivery-firefox/pub/firefox/nightly/2019/03/2019-03-18-13-39-54-mozilla-central/firefox-68.0a1.en-US.linux-x86_64-asan-reporter.mozinfo.json
public/build/target.mozinfo.json: s3://net-mozaws-prod-delivery-firefox/pub/firefox/nightly/latest-mozilla-central/firefox-68.0a1.en-US.linux-x86_64-asan-reporter.mozinfo.json
public/build/target.reftest.tests.tar.gz: s3://net-mozaws-prod-delivery-firefox/pub/firefox/nightly/2019/03/2019-03-18-13-39-54-mozilla-central/firefox-68.0a1.en-US.linux-x86_64-asan-reporter.reftest.tests.tar.gz
public/build/target.reftest.tests.tar.gz: s3://net-mozaws-prod-delivery-firefox/pub/firefox/nightly/latest-mozilla-central/firefox-68.0a1.en-US.linux-x86_64-asan-reporter.reftest.tests.tar.gz
public/build/target.talos.tests.tar.gz: s3://net-mozaws-prod-delivery-firefox/pub/firefox/nightly/2019/03/2019-03-18-13-39-54-mozilla-central/firefox-68.0a1.en-US.linux-x86_64-asan-reporter.talos.tests.tar.gz
public/build/target.talos.tests.tar.gz: s3://net-mozaws-prod-delivery-firefox/pub/firefox/nightly/latest-mozilla-central/firefox-68.0a1.en-US.linux-x86_64-asan-reporter.talos.tests.tar.gz
public/build/target.awsy.tests.tar.gz: s3://net-mozaws-prod-delivery-firefox/pub/firefox/nightly/2019/03/2019-03-18-13-39-54-mozilla-central/firefox-68.0a1.en-US.linux-x86_64-asan-reporter.awsy.tests.tar.gz
public/build/target.awsy.tests.tar.gz: s3://net-mozaws-prod-delivery-firefox/pub/firefox/nightly/latest-mozilla-central/firefox-68.0a1.en-US.linux-x86_64-asan-reporter.awsy.tests.tar.gz
public/build/target.test_packages.json: s3://net-mozaws-prod-delivery-firefox/pub/firefox/nightly/2019/03/2019-03-18-13-39-54-mozilla-central/firefox-68.0a1.en-US.linux-x86_64-asan-reporter.test_packages.json
public/build/target.test_packages.json: s3://net-mozaws-prod-delivery-firefox/pub/firefox/nightly/latest-mozilla-central/firefox-68.0a1.en-US.linux-x86_64-asan-reporter.test_packages.json
public/build/target.txt: s3://net-mozaws-prod-delivery-firefox/pub/firefox/nightly/2019/03/2019-03-18-13-39-54-mozilla-central/firefox-68.0a1.en-US.linux-x86_64-asan-reporter.txt
public/build/target.txt: s3://net-mozaws-prod-delivery-firefox/pub/firefox/nightly/latest-mozilla-central/firefox-68.0a1.en-US.linux-x86_64-asan-reporter.txt
public/build/target.web-platform.tests.tar.gz: s3://net-mozaws-prod-delivery-firefox/pub/firefox/nightly/2019/03/2019-03-18-13-39-54-mozilla-central/firefox-68.0a1.en-US.linux-x86_64-asan-reporter.web-platform.tests.tar.gz
public/build/target.web-platform.tests.tar.gz: s3://net-mozaws-prod-delivery-firefox/pub/firefox/nightly/latest-mozilla-central/firefox-68.0a1.en-US.linux-x86_64-asan-reporter.web-platform.tests.tar.gz
public/build/target.xpcshell.tests.tar.gz: s3://net-mozaws-prod-delivery-firefox/pub/firefox/nightly/2019/03/2019-03-18-13-39-54-mozilla-central/firefox-68.0a1.en-US.linux-x86_64-asan-reporter.xpcshell.tests.tar.gz
public/build/target.xpcshell.tests.tar.gz: s3://net-mozaws-prod-delivery-firefox/pub/firefox/nightly/latest-mozilla-central/firefox-68.0a1.en-US.linux-x86_64-asan-reporter.xpcshell.tests.tar.gz
public/build/target_info.txt: s3://net-mozaws-prod-delivery-firefox/pub/firefox/nightly/2019/03/2019-03-18-13-39-54-mozilla-central/firefox-68.0a1.en-US.linux-x86_64-asan-reporter_info.txt
public/build/target_info.txt: s3://net-mozaws-prod-delivery-firefox/pub/firefox/nightly/latest-mozilla-central/firefox-68.0a1.en-US.linux-x86_64-asan-reporter_info.txt
public/build/mozharness.zip: s3://net-mozaws-prod-delivery-firefox/pub/firefox/nightly/2019/03/2019-03-18-13-39-54-mozilla-central/mozharness.zip
public/build/mozharness.zip: s3://net-mozaws-prod-delivery-firefox/pub/firefox/nightly/latest-mozilla-central/mozharness.zip
public/build/target.langpack.xpi: s3://net-mozaws-prod-delivery-firefox/pub/firefox/nightly/2019/03/2019-03-18-13-39-54-mozilla-central/firefox-68.0a1.en-US.langpack.xpi
public/build/target.langpack.xpi: s3://net-mozaws-prod-delivery-firefox/pub/firefox/nightly/latest-mozilla-central/firefox-68.0a1.en-US.langpack.xpi
public/build/host/bin/mar: s3://net-mozaws-prod-delivery-firefox/pub/firefox/nightly/2019/03/2019-03-18-13-39-54-mozilla-central/mar-tools/linux64-asan-reporter/mar
public/build/host/bin/mar: s3://net-mozaws-prod-delivery-firefox/pub/firefox/nightly/latest-mozilla-central/mar-tools/linux64-asan-reporter/mar
public/build/host/bin/mbsdiff: s3://net-mozaws-prod-delivery-firefox/pub/firefox/nightly/2019/03/2019-03-18-13-39-54-mozilla-central/mar-tools/linux64-asan-reporter/mbsdiff
public/build/host/bin/mbsdiff: s3://net-mozaws-prod-delivery-firefox/pub/firefox/nightly/latest-mozilla-central/mar-tools/linux64-asan-reporter/mbsdiff
public/build/target.tar.bz2: s3://net-mozaws-prod-delivery-firefox/pub/firefox/nightly/2019/03/2019-03-18-13-39-54-mozilla-central/firefox-68.0a1.en-US.linux-x86_64-asan-reporter.tar.bz2
public/build/target.tar.bz2: s3://net-mozaws-prod-delivery-firefox/pub/firefox/nightly/latest-mozilla-central/firefox-68.0a1.en-US.linux-x86_64-asan-reporter.tar.bz2
public/build/target.tar.bz2: s3://net-mozaws-prod-delivery-firefox/pub/firefox/nightly/latest-mozilla-central-l10n/firefox-68.0a1.en-US.linux-x86_64-asan-reporter.tar.bz2
public/build/target.tar.bz2.asc: s3://net-mozaws-prod-delivery-firefox/pub/firefox/nightly/2019/03/2019-03-18-13-39-54-mozilla-central/firefox-68.0a1.en-US.linux-x86_64-asan-reporter.tar.bz2.asc
public/build/target.tar.bz2.asc: s3://net-mozaws-prod-delivery-firefox/pub/firefox/nightly/latest-mozilla-central/firefox-68.0a1.en-US.linux-x86_64-asan-reporter.tar.bz2.asc
public/build/target.tar.bz2.asc: s3://net-mozaws-prod-delivery-firefox/pub/firefox/nightly/latest-mozilla-central-l10n/firefox-68.0a1.en-US.linux-x86_64-asan-reporter.tar.bz2.asc
public/build/target.complete.mar: s3://net-mozaws-prod-delivery-firefox/pub/firefox/nightly/2019/03/2019-03-18-13-39-54-mozilla-central/firefox-68.0a1.en-US.linux-x86_64-asan-reporter.complete.mar
public/build/target.complete.mar: s3://net-mozaws-prod-delivery-firefox/pub/firefox/nightly/latest-mozilla-central/firefox-68.0a1.en-US.linux-x86_64-asan-reporter.complete.mar
public/build/target.complete.mar: s3://net-mozaws-prod-delivery-firefox/pub/firefox/nightly/latest-mozilla-central-l10n/firefox-68.0a1.en-US.linux-x86_64-asan-reporter.complete.mar
public/build/target.partial-3.mar: s3://net-mozaws-prod-delivery-firefox/pub/firefox/nightly/partials/2019/03/2019-03-18-13-39-54-mozilla-central/firefox-mozilla-central-68.0a1-linux-x86_64-asan-reporter-en-US-20190314094420-20190315135105.partial.mar
public/build/target.partial-2.mar: s3://net-mozaws-prod-delivery-firefox/pub/firefox/nightly/partials/2019/03/2019-03-18-13-39-54-mozilla-central/firefox-mozilla-central-68.0a1-linux-x86_64-asan-reporter-en-US-20190314214219-20190315135105.partial.mar
public/build/target.partial-4.mar: s3://net-mozaws-prod-delivery-firefox/pub/firefox/nightly/partials/2019/03/2019-03-18-13-39-54-mozilla-central/firefox-mozilla-central-68.0a1-linux-x86_64-asan-reporter-en-US-20190313215409-20190315135105.partial.mar
public/build/target.partial-1.mar: s3://net-mozaws-prod-delivery-firefox/pub/firefox/nightly/partials/2019/03/2019-03-18-13-39-54-mozilla-central/firefox-mozilla-central-68.0a1-linux-x86_64-asan-reporter-en-US-20190315093917-20190315135105.partial.mar
