public/build/buildhub.json: s3://net-mozaws-prod-delivery-firefox/pub/firefox/nightly/2019/03/2019-03-18-13-39-54-mozilla-central/firefox-68.0a1.en-US.win64.buildhub.json
public/build/buildhub.json: s3://net-mozaws-prod-delivery-firefox/pub/firefox/nightly/latest-mozilla-central/firefox-68.0a1.en-US.win64.buildhub.json
public/build/buildhub.json: s3://net-mozaws-prod-delivery-firefox/pub/firefox/nightly/latest-mozilla-central-l10n/firefox-68.0a1.en-US.win64.buildhub.json
public/build/target.common.tests.tar.gz: s3://net-mozaws-prod-delivery-firefox/pub/firefox/nightly/2019/03/2019-03-18-13-39-54-mozilla-central/firefox-68.0a1.en-US.win64.common.tests.tar.gz
public/build/target.common.tests.tar.gz: s3://net-mozaws-prod-delivery-firefox/pub/firefox/nightly/latest-mozilla-central/firefox-68.0a1.en-US.win64.common.tests.tar.gz
public/build/target.cppunittest.tests.tar.gz: s3://net-mozaws-prod-delivery-firefox/pub/firefox/nightly/2019/03/2019-03-18-13-39-54-mozilla-central/firefox-68.0a1.en-US.win64.cppunittest.tests.tar.gz
public/build/target.cppunittest.tests.tar.gz: s3://net-mozaws-prod-delivery-firefox/pub/firefox/nightly/latest-mozilla-central/firefox-68.0a1.en-US.win64.cppunittest.tests.tar.gz
public/build/target.crashreporter-symbols.zip: s3://net-mozaws-prod-delivery-firefox/pub/firefox/nightly/2019/03/2019-03-18-13-39-54-mozilla-central/firefox-68.0a1.en-US.win64.crashreporter-symbols.zip
public/build/target.crashreporter-symbols.zip: s3://net-mozaws-prod-delivery-firefox/pub/firefox/nightly/latest-mozilla-central/firefox-68.0a1.en-US.win64.crashreporter-symbols.zip
public/build/target.json: s3://net-mozaws-prod-delivery-firefox/pub/firefox/nightly/2019/03/2019-03-18-13-39-54-mozilla-central/firefox-68.0a1.en-US.win64.json
public/build/target.json: s3://net-mozaws-prod-delivery-firefox/pub/firefox/nightly/latest-mozilla-central/firefox-68.0a1.en-US.win64.json
public/build/target.mochitest.tests.tar.gz: s3://net-mozaws-prod-delivery-firefox/pub/firefox/nightly/2019/03/2019-03-18-13-39-54-mozilla-central/firefox-68.0a1.en-US.win64.mochitest.tests.tar.gz
public/build/target.mochitest.tests.tar.gz: s3://net-mozaws-prod-delivery-firefox/pub/firefox/nightly/latest-mozilla-central/firefox-68.0a1.en-US.win64.mochitest.tests.tar.gz
public/build/target.mozinfo.json: s3://net-mozaws-prod-delivery-firefox/pub/firefox/nightly/2019/03/2019-03-18-13-39-54-mozilla-central/firefox-68.0a1.en-US.win64.mozinfo.json
public/build/target.mozinfo.json: s3://net-mozaws-prod-delivery-firefox/pub/firefox/nightly/latest-mozilla-central/firefox-68.0a1.en-US.win64.mozinfo.json
public/build/target.reftest.tests.tar.gz: s3://net-mozaws-prod-delivery-firefox/pub/firefox/nightly/2019/03/2019-03-18-13-39-54-mozilla-central/firefox-68.0a1.en-US.win64.reftest.tests.tar.gz
public/build/target.reftest.tests.tar.gz: s3://net-mozaws-prod-delivery-firefox/pub/firefox/nightly/latest-mozilla-central/firefox-68.0a1.en-US.win64.reftest.tests.tar.gz
public/build/target.talos.tests.tar.gz: s3://net-mozaws-prod-delivery-firefox/pub/firefox/nightly/2019/03/2019-03-18-13-39-54-mozilla-central/firefox-68.0a1.en-US.win64.talos.tests.tar.gz
public/build/target.talos.tests.tar.gz: s3://net-mozaws-prod-delivery-firefox/pub/firefox/nightly/latest-mozilla-central/firefox-68.0a1.en-US.win64.talos.tests.tar.gz
public/build/target.awsy.tests.tar.gz: s3://net-mozaws-prod-delivery-firefox/pub/firefox/nightly/2019/03/2019-03-18-13-39-54-mozilla-central/firefox-68.0a1.en-US.win64.awsy.tests.tar.gz
public/build/target.awsy.tests.tar.gz: s3://net-mozaws-prod-delivery-firefox/pub/firefox/nightly/latest-mozilla-central/firefox-68.0a1.en-US.win64.awsy.tests.tar.gz
public/build/target.test_packages.json: s3://net-mozaws-prod-delivery-firefox/pub/firefox/nightly/2019/03/2019-03-18-13-39-54-mozilla-central/firefox-68.0a1.en-US.win64.test_packages.json
public/build/target.test_packages.json: s3://net-mozaws-prod-delivery-firefox/pub/firefox/nightly/latest-mozilla-central/firefox-68.0a1.en-US.win64.test_packages.json
public/build/target.txt: s3://net-mozaws-prod-delivery-firefox/pub/firefox/nightly/2019/03/2019-03-18-13-39-54-mozilla-central/firefox-68.0a1.en-US.win64.txt
public/build/target.txt: s3://net-mozaws-prod-delivery-firefox/pub/firefox/nightly/latest-mozilla-central/firefox-68.0a1.en-US.win64.txt
public/build/target.web-platform.tests.tar.gz: s3://net-mozaws-prod-delivery-firefox/pub/firefox/nightly/2019/03/2019-03-18-13-39-54-mozilla-central/firefox-68.0a1.en-US.win64.web-platform.tests.tar.gz
public/build/target.web-platform.tests.tar.gz: s3://net-mozaws-prod-delivery-firefox/pub/firefox/nightly/latest-mozilla-central/firefox-68.0a1.en-US.win64.web-platform.tests.tar.gz
public/build/target.xpcshell.tests.tar.gz: s3://net-mozaws-prod-delivery-firefox/pub/firefox/nightly/2019/03/2019-03-18-13-39-54-mozilla-central/firefox-68.0a1.en-US.win64.xpcshell.tests.tar.gz
public/build/target.xpcshell.tests.tar.gz: s3://net-mozaws-prod-delivery-firefox/pub/firefox/nightly/latest-mozilla-central/firefox-68.0a1.en-US.win64.xpcshell.tests.tar.gz
public/build/target_info.txt: s3://net-mozaws-prod-delivery-firefox/pub/firefox/nightly/2019/03/2019-03-18-13-39-54-mozilla-central/firefox-68.0a1.en-US.win64_info.txt
public/build/target_info.txt: s3://net-mozaws-prod-delivery-firefox/pub/firefox/nightly/latest-mozilla-central/firefox-68.0a1.en-US.win64_info.txt
public/build/target.jsshell.zip: s3://net-mozaws-prod-delivery-firefox/pub/firefox/nightly/2019/03/2019-03-18-13-39-54-mozilla-central/jsshell-win64.zip
public/build/target.jsshell.zip: s3://net-mozaws-prod-delivery-firefox/pub/firefox/nightly/latest-mozilla-central/jsshell-win64.zip
public/build/mozharness.zip: s3://net-mozaws-prod-delivery-firefox/pub/firefox/nightly/2019/03/2019-03-18-13-39-54-mozilla-central/mozharness.zip
public/build/mozharness.zip: s3://net-mozaws-prod-delivery-firefox/pub/firefox/nightly/latest-mozilla-central/mozharness.zip
public/build/target.langpack.xpi: s3://net-mozaws-prod-delivery-firefox/pub/firefox/nightly/2019/03/2019-03-18-13-39-54-mozilla-central/firefox-68.0a1.en-US.langpack.xpi
public/build/target.langpack.xpi: s3://net-mozaws-prod-delivery-firefox/pub/firefox/nightly/latest-mozilla-central/firefox-68.0a1.en-US.langpack.xpi
public/build/host/bin/mar.exe: s3://net-mozaws-prod-delivery-firefox/pub/firefox/nightly/2019/03/2019-03-18-13-39-54-mozilla-central/mar-tools/win64/mar.exe
public/build/host/bin/mar.exe: s3://net-mozaws-prod-delivery-firefox/pub/firefox/nightly/latest-mozilla-central/mar-tools/win64/mar.exe
public/build/host/bin/mbsdiff.exe: s3://net-mozaws-prod-delivery-firefox/pub/firefox/nightly/2019/03/2019-03-18-13-39-54-mozilla-central/mar-tools/win64/mbsdiff.exe
public/build/host/bin/mbsdiff.exe: s3://net-mozaws-prod-delivery-firefox/pub/firefox/nightly/latest-mozilla-central/mar-tools/win64/mbsdiff.exe
public/build/target.zip: s3://net-mozaws-prod-delivery-firefox/pub/firefox/nightly/2019/03/2019-03-18-13-39-54-mozilla-central/firefox-68.0a1.en-US.win64.zip
public/build/target.zip: s3://net-mozaws-prod-delivery-firefox/pub/firefox/nightly/latest-mozilla-central/firefox-68.0a1.en-US.win64.zip
public/build/target.installer.exe: s3://net-mozaws-prod-delivery-firefox/pub/firefox/nightly/2019/03/2019-03-18-13-39-54-mozilla-central/firefox-68.0a1.en-US.win64.installer.exe
public/build/target.installer.exe: s3://net-mozaws-prod-delivery-firefox/pub/firefox/nightly/latest-mozilla-central/firefox-68.0a1.en-US.win64.installer.exe
public/build/target.installer.exe: s3://net-mozaws-prod-delivery-firefox/pub/firefox/nightly/latest-mozilla-central-l10n/firefox-68.0a1.en-US.win64.installer.exe
public/build/target.installer.msi: s3://net-mozaws-prod-delivery-firefox/pub/firefox/nightly/2019/03/2019-03-18-13-39-54-mozilla-central/firefox-68.0a1.en-US.win64.installer.msi
public/build/target.installer.msi: s3://net-mozaws-prod-delivery-firefox/pub/firefox/nightly/latest-mozilla-central/firefox-68.0a1.en-US.win64.installer.msi
public/build/target.installer.msi: s3://net-mozaws-prod-delivery-firefox/pub/firefox/nightly/latest-mozilla-central-l10n/firefox-68.0a1.en-US.win64.installer.msi
public/build/target.complete.mar: s3://net-mozaws-prod-delivery-firefox/pub/firefox/nightly/2019/03/2019-03-18-13-39-54-mozilla-central/firefox-68.0a1.en-US.win64.complete.mar
public/build/target.complete.mar: s3://net-mozaws-prod-delivery-firefox/pub/firefox/nightly/latest-mozilla-central/firefox-68.0a1.en-US.win64.complete.mar
public/build/target.complete.mar: s3://net-mozaws-prod-delivery-firefox/pub/firefox/nightly/latest-mozilla-central-l10n/firefox-68.0a1.en-US.win64.complete.mar
