public/build/buildhub.json: s3://net-mozaws-prod-delivery-firefox/pub/firefox/nightly/2019/03/2019-03-18-13-39-54-mozilla-central/firefox-68.0a1.en-US.win64-asan-reporter.buildhub.json
public/build/buildhub.json: s3://net-mozaws-prod-delivery-firefox/pub/firefox/nightly/latest-mozilla-central/firefox-68.0a1.en-US.win64-asan-reporter.buildhub.json
public/build/buildhub.json: s3://net-mozaws-prod-delivery-firefox/pub/firefox/nightly/latest-mozilla-central-l10n/firefox-68.0a1.en-US.win64-asan-reporter.buildhub.json
public/build/target.common.tests.tar.gz: s3://net-mozaws-prod-delivery-firefox/pub/firefox/nightly/2019/03/2019-03-18-13-39-54-mozilla-central/firefox-68.0a1.en-US.win64-asan-reporter.common.tests.tar.gz
public/build/target.common.tests.tar.gz: s3://net-mozaws-prod-delivery-firefox/pub/firefox/nightly/latest-mozilla-central/firefox-68.0a1.en-US.win64-asan-reporter.common.tests.tar.gz
public/build/target.cppunittest.tests.tar.gz: s3://net-mozaws-prod-delivery-firefox/pub/firefox/nightly/2019/03/2019-03-18-13-39-54-mozilla-central/firefox-68.0a1.en-US.win64-asan-reporter.cppunittest.tests.tar.gz
public/build/target.cppunittest.tests.tar.gz: s3://net-mozaws-prod-delivery-firefox/pub/firefox/nightly/latest-mozilla-central/firefox-68.0a1.en-US.win64-asan-reporter.cppunittest.tests.tar.gz
public/build/target.json: s3://net-mozaws-prod-delivery-firefox/pub/firefox/nightly/2019/03/2019-03-18-13-39-54-mozilla-central/firefox-68.0a1.en-US.win64-asan-reporter.json
public/build/target.json: s3://net-mozaws-prod-delivery-firefox/pub/firefox/nightly/latest-mozilla-central/firefox-68.0a1.en-US.win64-asan-reporter.json
public/build/target.mochitest.tests.tar.gz: s3://net-mozaws-prod-delivery-firefox/pub/firefox/nightly/2019/03/2019-03-18-13-39-54-mozilla-central/firefox-68.0a1.en-US.win64-asan-reporter.mochitest.tests.tar.gz
public/build/target.mochitest.tests.tar.gz: s3://net-mozaws-prod-delivery-firefox/pub/firefox/nightly/latest-mozilla-central/firefox-68.0a1.en-US.win64-asan-reporter.mochitest.tests.tar.gz
public/build/target.mozinfo.json: s3://net-mozaws-prod-delivery-firefox/pub/firefox/nightly/2019/03/2019-03-18-13-39-54-mozilla-central/firefox-68.0a1.en-US.win64-asan-reporter.mozinfo.json
public/build/target.mozinfo.json: s3://net-mozaws-prod-delivery-firefox/pub/firefox/nightly/latest-mozilla-central/firefox-68.0a1.en-US.win64-asan-reporter.mozinfo.json
public/build/target.reftest.tests.tar.gz: s3://net-mozaws-prod-delivery-firefox/pub/firefox/nightly/2019/03/2019-03-18-13-39-54-mozilla-central/firefox-68.0a1.en-US.win64-asan-reporter.reftest.tests.tar.gz
public/build/target.reftest.tests.tar.gz: s3://net-mozaws-prod-delivery-firefox/pub/firefox/nightly/latest-mozilla-central/firefox-68.0a1.en-US.win64-asan-reporter.reftest.tests.tar.gz
public/build/target.talos.tests.tar.gz: s3://net-mozaws-prod-delivery-firefox/pub/firefox/nightly/2019/03/2019-03-18-13-39-54-mozilla-central/firefox-68.0a1.en-US.win64-asan-reporter.talos.tests.tar.gz
public/build/target.talos.tests.tar.gz: s3://net-mozaws-prod-delivery-firefox/pub/firefox/nightly/latest-mozilla-central/firefox-68.0a1.en-US.win64-asan-reporter.talos.tests.tar.gz
public/build/target.awsy.tests.tar.gz: s3://net-mozaws-prod-delivery-firefox/pub/firefox/nightly/2019/03/2019-03-18-13-39-54-mozilla-central/firefox-68.0a1.en-US.win64-asan-reporter.awsy.tests.tar.gz
public/build/target.awsy.tests.tar.gz: s3://net-mozaws-prod-delivery-firefox/pub/firefox/nightly/latest-mozilla-central/firefox-68.0a1.en-US.win64-asan-reporter.awsy.tests.tar.gz
public/build/target.test_packages.json: s3://net-mozaws-prod-delivery-firefox/pub/firefox/nightly/2019/03/2019-03-18-13-39-54-mozilla-central/firefox-68.0a1.en-US.win64-asan-reporter.test_packages.json
public/build/target.test_packages.json: s3://net-mozaws-prod-delivery-firefox/pub/firefox/nightly/latest-mozilla-central/firefox-68.0a1.en-US.win64-asan-reporter.test_packages.json
public/build/target.txt: s3://net-mozaws-prod-delivery-firefox/pub/firefox/nightly/2019/03/2019-03-18-13-39-54-mozilla-central/firefox-68.0a1.en-US.win64-asan-reporter.txt
public/build/target.txt: s3://net-mozaws-prod-delivery-firefox/pub/firefox/nightly/latest-mozilla-central/firefox-68.0a1.en-US.win64-asan-reporter.txt
public/build/target.web-platform.tests.tar.gz: s3://net-mozaws-prod-delivery-firefox/pub/firefox/nightly/2019/03/2019-03-18-13-39-54-mozilla-central/firefox-68.0a1.en-US.win64-asan-reporter.web-platform.tests.tar.gz
public/build/target.web-platform.tests.tar.gz: s3://net-mozaws-prod-delivery-firefox/pub/firefox/nightly/latest-mozilla-central/firefox-68.0a1.en-US.win64-asan-reporter.web-platform.tests.tar.gz
public/build/target.xpcshell.tests.tar.gz: s3://net-mozaws-prod-delivery-firefox/pub/firefox/nightly/2019/03/2019-03-18-13-39-54-mozilla-central/firefox-68.0a1.en-US.win64-asan-reporter.xpcshell.tests.tar.gz
public/build/target.xpcshell.tests.tar.gz: s3://net-mozaws-prod-delivery-firefox/pub/firefox/nightly/latest-mozilla-central/firefox-68.0a1.en-US.win64-asan-reporter.xpcshell.tests.tar.gz
public/build/target_info.txt: s3://net-mozaws-prod-delivery-firefox/pub/firefox/nightly/2019/03/2019-03-18-13-39-54-mozilla-central/firefox-68.0a1.en-US.win64-asan-reporter_info.txt
public/build/target_info.txt: s3://net-mozaws-prod-delivery-firefox/pub/firefox/nightly/latest-mozilla-central/firefox-68.0a1.en-US.win64-asan-reporter_info.txt
public/build/mozharness.zip: s3://net-mozaws-prod-delivery-firefox/pub/firefox/nightly/2019/03/2019-03-18-13-39-54-mozilla-central/mozharness.zip
public/build/mozharness.zip: s3://net-mozaws-prod-delivery-firefox/pub/firefox/nightly/latest-mozilla-central/mozharness.zip
public/build/target.langpack.xpi: s3://net-mozaws-prod-delivery-firefox/pub/firefox/nightly/2019/03/2019-03-18-13-39-54-mozilla-central/firefox-68.0a1.en-US.langpack.xpi
public/build/target.langpack.xpi: s3://net-mozaws-prod-delivery-firefox/pub/firefox/nightly/latest-mozilla-central/firefox-68.0a1.en-US.langpack.xpi
public/build/host/bin/mar.exe: s3://net-mozaws-prod-delivery-firefox/pub/firefox/nightly/2019/03/2019-03-18-13-39-54-mozilla-central/mar-tools/win64-asan-reporter/mar.exe
public/build/host/bin/mar.exe: s3://net-mozaws-prod-delivery-firefox/pub/firefox/nightly/latest-mozilla-central/mar-tools/win64-asan-reporter/mar.exe
public/build/host/bin/mbsdiff.exe: s3://net-mozaws-prod-delivery-firefox/pub/firefox/nightly/2019/03/2019-03-18-13-39-54-mozilla-central/mar-tools/win64-asan-reporter/mbsdiff.exe
public/build/host/bin/mbsdiff.exe: s3://net-mozaws-prod-delivery-firefox/pub/firefox/nightly/latest-mozilla-central/mar-tools/win64-asan-reporter/mbsdiff.exe
public/build/target.zip: s3://net-mozaws-prod-delivery-firefox/pub/firefox/nightly/2019/03/2019-03-18-13-39-54-mozilla-central/firefox-68.0a1.en-US.win64-asan-reporter.zip
public/build/target.zip: s3://net-mozaws-prod-delivery-firefox/pub/firefox/nightly/latest-mozilla-central/firefox-68.0a1.en-US.win64-asan-reporter.zip
public/build/target.installer.exe: s3://net-mozaws-prod-delivery-firefox/pub/firefox/nightly/2019/03/2019-03-18-13-39-54-mozilla-central/firefox-68.0a1.en-US.win64-asan-reporter.installer.exe
public/build/target.installer.exe: s3://net-mozaws-prod-delivery-firefox/pub/firefox/nightly/latest-mozilla-central/firefox-68.0a1.en-US.win64-asan-reporter.installer.exe
public/build/target.installer.exe: s3://net-mozaws-prod-delivery-firefox/pub/firefox/nightly/latest-mozilla-central-l10n/firefox-68.0a1.en-US.win64-asan-reporter.installer.exe
public/build/target.complete.mar: s3://net-mozaws-prod-delivery-firefox/pub/firefox/nightly/2019/03/2019-03-18-13-39-54-mozilla-central/firefox-68.0a1.en-US.win64-asan-reporter.complete.mar
public/build/target.complete.mar: s3://net-mozaws-prod-delivery-firefox/pub/firefox/nightly/latest-mozilla-central/firefox-68.0a1.en-US.win64-asan-reporter.complete.mar
public/build/target.complete.mar: s3://net-mozaws-prod-delivery-firefox/pub/firefox/nightly/latest-mozilla-central-l10n/firefox-68.0a1.en-US.win64-asan-reporter.complete.mar
